<?xml version="1.0" encoding="UTF-8"?>
<testsuite xmlns:xsi="http://www.w3.org/2001/XMLSchema-instance" xsi:noNamespaceSchemaLocation="https://maven.apache.org/surefire/maven-surefire-plugin/xsd/surefire-test-report.xsd" name="VVSS_lab2.AppTest" time="0.063" tests="19" errors="0" skipped="0" failures="0">
  <properties>
    <property name="sun.desktop" value="windows"/>
    <property name="awt.toolkit" value="sun.awt.windows.WToolkit"/>
    <property name="java.specification.version" value="11"/>
    <property name="sun.cpu.isalist" value="amd64"/>
    <property name="sun.jnu.encoding" value="Cp1252"/>
    <property name="java.class.path" value="D:\ANUL 3\SEMESTRUL 2\VVSS\LAB 2\V03\VVSS_lab2_inClass\target\test-classes;D:\ANUL 3\SEMESTRUL 2\VVSS\LAB 2\V03\VVSS_lab2_inClass\target\classes;C:\Users\Alexandra\.m2\repository\junit\junit\4.11\junit-4.11.jar;C:\Users\Alexandra\.m2\repository\org\hamcrest\hamcrest-core\1.3\hamcrest-core-1.3.jar;"/>
    <property name="java.vm.vendor" value="JetBrains s.r.o"/>
    <property name="sun.arch.data.model" value="64"/>
    <property name="user.variant" value=""/>
    <property name="java.vendor.url" value="https://www.jetbrains.com/"/>
    <property name="user.timezone" value="Europe/Athens"/>
    <property name="java.vm.specification.version" value="11"/>
    <property name="os.name" value="Windows 10"/>
    <property name="sun.java.launcher" value="SUN_STANDARD"/>
    <property name="user.country" value="US"/>
    <property name="sun.boot.library.path" value="C:\Program Files\JetBrains\IntelliJ IDEA 2019.2.3\jbr\bin"/>
    <property name="sun.java.command" value="C:\Users\ALEXAN~1\AppData\Local\Temp\surefire15740099596732698864\surefirebooter4360039084850916382.jar C:\Users\Alexandra\AppData\Local\Temp\surefire15740099596732698864 2020-03-30T16-53-12_196-jvmRun1 surefire4732935318915726590tmp surefire_07882937125368479873tmp"/>
    <property name="jdk.debug" value="release"/>
    <property name="surefire.test.class.path" value="D:\ANUL 3\SEMESTRUL 2\VVSS\LAB 2\V03\VVSS_lab2_inClass\target\test-classes;D:\ANUL 3\SEMESTRUL 2\VVSS\LAB 2\V03\VVSS_lab2_inClass\target\classes;C:\Users\Alexandra\.m2\repository\junit\junit\4.11\junit-4.11.jar;C:\Users\Alexandra\.m2\repository\org\hamcrest\hamcrest-core\1.3\hamcrest-core-1.3.jar;"/>
    <property name="sun.cpu.endian" value="little"/>
    <property name="user.home" value="C:\Users\Alexandra"/>
    <property name="user.language" value="en"/>
    <property name="java.specification.vendor" value="Oracle Corporation"/>
    <property name="java.version.date" value="2019-07-16"/>
    <property name="java.home" value="C:\Program Files\JetBrains\IntelliJ IDEA 2019.2.3\jbr"/>
    <property name="file.separator" value="\"/>
    <property name="basedir" value="D:\ANUL 3\SEMESTRUL 2\VVSS\LAB 2\V03\VVSS_lab2_inClass"/>
    <property name="java.vm.compressedOopsMode" value="32-bit"/>
    <property name="line.separator" value="&#10;"/>
    <property name="idea.version2019.2.3" value="true"/>
    <property name="java.specification.name" value="Java Platform API Specification"/>
    <property name="java.vm.specification.vendor" value="Oracle Corporation"/>
    <property name="java.awt.graphicsenv" value="sun.awt.Win32GraphicsEnvironment"/>
    <property name="surefire.real.class.path" value="C:\Users\ALEXAN~1\AppData\Local\Temp\surefire15740099596732698864\surefirebooter4360039084850916382.jar"/>
    <property name="user.script" value=""/>
    <property name="sun.management.compiler" value="HotSpot 64-Bit Tiered Compilers"/>
    <property name="java.runtime.version" value="11.0.4+10-b304.69"/>
    <property name="user.name" value="Vero"/>
    <property name="path.separator" value=";"/>
    <property name="os.version" value="10.0"/>
    <property name="java.runtime.name" value="OpenJDK Runtime Environment"/>
    <property name="file.encoding" value="Cp1252"/>
    <property name="java.vm.name" value="OpenJDK 64-Bit Server VM"/>
    <property name="localRepository" value="C:\Users\Alexandra\.m2\repository"/>
    <property name="java.vendor.url.bug" value="https://youtrack.jetbrains.com"/>
    <property name="java.io.tmpdir" value="C:\Users\ALEXAN~1\AppData\Local\Temp\"/>
    <property name="java.version" value="11.0.4"/>
    <property name="user.dir" value="D:\ANUL 3\SEMESTRUL 2\VVSS\LAB 2\V03\VVSS_lab2_inClass"/>
    <property name="os.arch" value="amd64"/>
    <property name="java.vm.specification.name" value="Java Virtual Machine Specification"/>
    <property name="java.awt.printerjob" value="sun.awt.windows.WPrinterJob"/>
    <property name="sun.os.patch.level" value=""/>
    <property name="java.library.path" value="C:\Program Files\JetBrains\IntelliJ IDEA 2019.2.3\jbr\bin;C:\Windows\Sun\Java\bin;C:\Windows\system32;C:\Windows;C:\Python27\;C:\Python27\Scripts;C:\Program Files (x86)\Common Files\Oracle\Java\javapath;C:\Windows\system32;C:\Windows;C:\Windows\System32\Wbem;C:\Windows\System32\WindowsPowerShell\v1.0\;C:\Windows\System32\OpenSSH\;C:\Program Files\dotnet\;D:\Git\cmd;C:\ProgramData\chocolatey\bin;C:\Program Files\nodejs\;C:\Program Files\PostgreSQL\12\bin;C:\Program Files\PostgreSQL\12\lib;C:\Program Files (x86)\CodeBlocks\MinGW\bin;C:\Program Files (x86)\GnuWin32\bin;C:\Program Files\WSO2\Stream Processor\4.4.0\bin\..\bin;D:\Matlab\runtime\win64;D:\Matlab\bin;C:\Users\Alexandra\AppData\Local\Microsoft\WindowsApps;C:\Users\Alexandra\AppData\Local\Programs\Microsoft VS Code\bin;C:\Users\Alexandra\Spark\bin;C:\winutils\bin;C:\Program Files\Java\jdk1.8.0_221\bin;C:\Program Files\nodejs;C:\Users\Alexandra\AppData\Roaming\npm;."/>
    <property name="java.vendor" value="JetBrains s.r.o"/>
    <property name="java.vm.info" value="mixed mode, sharing"/>
    <property name="java.vm.version" value="11.0.4+10-b304.69"/>
    <property name="sun.io.unicode.encoding" value="UnicodeLittle"/>
    <property name="java.class.version" value="55.0"/>
  </properties>
  <testcase name="addStudentTest" classname="VVSS_lab2.AppTest" time="0"/>
  <testcase name="addStudent_TC1" classname="VVSS_lab2.AppTest" time="0"/>
  <testcase name="addStudent_TC2" classname="VVSS_lab2.AppTest" time="0"/>
  <testcase name="addStudent_TC3" classname="VVSS_lab2.AppTest" time="0"/>
  <testcase name="addStudent_TC4" classname="VVSS_lab2.AppTest" time="0"/>
  <testcase name="addStudent_TC5" classname="VVSS_lab2.AppTest" time="0"/>
  <testcase name="addStudent_TC6" classname="VVSS_lab2.AppTest" time="0"/>
  <testcase name="addStudent_TC7" classname="VVSS_lab2.AppTest" time="0"/>
  <testcase name="addStudent_TC8" classname="VVSS_lab2.AppTest" time="0"/>
  <testcase name="addStudent_TC9" classname="VVSS_lab2.AppTest" time="0"/>
  <testcase name="addStudentTest2" classname="VVSS_lab2.AppTest" time="0"/>
  <testcase name="addStudent_TC10" classname="VVSS_lab2.AppTest" time="0"/>
  <testcase name="addStudent_TC11" classname="VVSS_lab2.AppTest" time="0"/>
  <testcase name="addStudent_TC12" classname="VVSS_lab2.AppTest" time="0"/>
  <testcase name="addStudent_TC13" classname="VVSS_lab2.AppTest" time="0"/>
  <testcase name="addStudent_TC14" classname="VVSS_lab2.AppTest" time="0"/>
  <testcase name="addStudent_TC15" classname="VVSS_lab2.AppTest" time="0"/>
  <testcase name="addStudent_TC16" classname="VVSS_lab2.AppTest" time="0"/>
  <testcase name="addStudent_TC17" classname="VVSS_lab2.AppTest" time="0"/>
</testsuite>